DEB [20170728-17:10:16.418] thr=1   paramiko.transport: starting thread (client mode): 0x2d35240
DEB [20170728-17:10:16.418] thr=1   paramiko.transport: Local version/idstring: SSH-2.0-paramiko_2.2.1
DEB [20170728-17:10:16.432] thr=1   paramiko.transport: Remote version/idstring: SSH-2.0-OpenSSH_6.6.1
INF [20170728-17:10:16.432] thr=1   paramiko.transport: Connected (version 2.0, client OpenSSH_6.6.1)
DEB [20170728-17:10:16.436] thr=1   paramiko.transport: kex algos:['curve25519-sha256@libssh.org', 'ecdh-sha2-nistp256', 'ecdh-sha2-nistp384', 'ecdh-sha2-nistp521', 'diffie-hellman-group-exchange-sha256', 'diffie-hellman-group-exchange-sha1', 'diffie-hellman-group14-sha1', 'diffie-hellman-group1-sha1'] server key:['ssh-rsa', 'ecdsa-sha2-nistp256', 'ssh-ed25519'] client encrypt:['aes128-ctr', 'aes192-ctr', 'aes256-ctr', 'arcfour256', 'arcfour128', 'aes128-gcm@openssh.com', 'aes256-gcm@openssh.com', 'chacha20-poly1305@openssh.com', 'aes128-cbc', '3des-cbc', 'blowfish-cbc', 'cast128-cbc', 'aes192-cbc', 'aes256-cbc', 'arcfour', 'rijndael-cbc@lysator.liu.se'] server encrypt:['aes128-ctr', 'aes192-ctr', 'aes256-ctr', 'arcfour256', 'arcfour128', 'aes128-gcm@openssh.com', 'aes256-gcm@openssh.com', 'chacha20-poly1305@openssh.com', 'aes128-cbc', '3des-cbc', 'blowfish-cbc', 'cast128-cbc', 'aes192-cbc', 'aes256-cbc', 'arcfour', 'rijndael-cbc@lysator.liu.se'] client mac:['hmac-md5-etm@openssh.com', 'hmac-sha1-etm@openssh.com', 'umac-64-etm@openssh.com', 'umac-128-etm@openssh.com', 'hmac-sha2-256-etm@openssh.com', 'hmac-sha2-512-etm@openssh.com', 'hmac-ripemd160-etm@openssh.com', 'hmac-sha1-96-etm@openssh.com', 'hmac-md5-96-etm@openssh.com', 'hmac-md5', 'hmac-sha1', 'umac-64@openssh.com', 'umac-128@openssh.com', 'hmac-sha2-256', 'hmac-sha2-512', 'hmac-ripemd160', 'hmac-ripemd160@openssh.com', 'hmac-sha1-96', 'hmac-md5-96'] server mac:['hmac-md5-etm@openssh.com', 'hmac-sha1-etm@openssh.com', 'umac-64-etm@openssh.com', 'umac-128-etm@openssh.com', 'hmac-sha2-256-etm@openssh.com', 'hmac-sha2-512-etm@openssh.com', 'hmac-ripemd160-etm@openssh.com', 'hmac-sha1-96-etm@openssh.com', 'hmac-md5-96-etm@openssh.com', 'hmac-md5', 'hmac-sha1', 'umac-64@openssh.com', 'umac-128@openssh.com', 'hmac-sha2-256', 'hmac-sha2-512', 'hmac-ripemd160', 'hmac-ripemd160@openssh.com', 'hmac-sha1-96', 'hmac-md5-96'] client compress:['none', 'zlib@openssh.com'] server compress:['none', 'zlib@openssh.com'] client lang:[''] server lang:[''] kex follows?False
DEB [20170728-17:10:16.438] thr=1   paramiko.transport: Kex agreed: ecdh-sha2-nistp256
DEB [20170728-17:10:16.438] thr=1   paramiko.transport: HostKey agreed: ssh-ed25519
DEB [20170728-17:10:16.438] thr=1   paramiko.transport: Cipher agreed: aes128-ctr
DEB [20170728-17:10:16.438] thr=1   paramiko.transport: MAC agreed: hmac-sha2-256
DEB [20170728-17:10:16.438] thr=1   paramiko.transport: Compression agreed: none
DEB [20170728-17:10:16.627] thr=1   paramiko.transport: kex engine KexNistp256 specified hash_algo <built-in function openssl_sha256>
DEB [20170728-17:10:16.627] thr=1   paramiko.transport: Switch to new keys ...
DEB [20170728-17:10:16.627] thr=2   paramiko.transport: Attempting password auth...
DEB [20170728-17:10:16.674] thr=1   paramiko.transport: userauth is OK
INF [20170728-17:10:16.689] thr=1   paramiko.transport: Authentication (password) successful!
DEB [20170728-17:10:16.689] thr=2   paramiko.transport: [chan 0] Max packet in: 32768 bytes
DEB [20170728-17:10:16.892] thr=1   paramiko.transport: [chan 0] Max packet out: 32768 bytes
DEB [20170728-17:10:16.892] thr=1   paramiko.transport: Secsh channel 0 opened.
DEB [20170728-17:10:16.908] thr=1   paramiko.transport: [chan 0] Sesch channel 0 request ok
INF [20170728-17:10:16.955] thr=2   paramiko.transport.sftp: [chan 0] Opened sftp connection (server version 3)
DEB [20170728-17:10:16.959] thr=1   paramiko.transport: EOF in transport thread
DEB [20170728-17:12:01.538] thr=1   paramiko.transport: starting thread (client mode): 0x2e85240
DEB [20170728-17:12:01.538] thr=1   paramiko.transport: Local version/idstring: SSH-2.0-paramiko_2.2.1
DEB [20170728-17:12:01.546] thr=1   paramiko.transport: Remote version/idstring: SSH-2.0-OpenSSH_6.6.1
INF [20170728-17:12:01.550] thr=1   paramiko.transport: Connected (version 2.0, client OpenSSH_6.6.1)
DEB [20170728-17:12:01.554] thr=1   paramiko.transport: kex algos:['curve25519-sha256@libssh.org', 'ecdh-sha2-nistp256', 'ecdh-sha2-nistp384', 'ecdh-sha2-nistp521', 'diffie-hellman-group-exchange-sha256', 'diffie-hellman-group-exchange-sha1', 'diffie-hellman-group14-sha1', 'diffie-hellman-group1-sha1'] server key:['ssh-rsa', 'ecdsa-sha2-nistp256', 'ssh-ed25519'] client encrypt:['aes128-ctr', 'aes192-ctr', 'aes256-ctr', 'arcfour256', 'arcfour128', 'aes128-gcm@openssh.com', 'aes256-gcm@openssh.com', 'chacha20-poly1305@openssh.com', 'aes128-cbc', '3des-cbc', 'blowfish-cbc', 'cast128-cbc', 'aes192-cbc', 'aes256-cbc', 'arcfour', 'rijndael-cbc@lysator.liu.se'] server encrypt:['aes128-ctr', 'aes192-ctr', 'aes256-ctr', 'arcfour256', 'arcfour128', 'aes128-gcm@openssh.com', 'aes256-gcm@openssh.com', 'chacha20-poly1305@openssh.com', 'aes128-cbc', '3des-cbc', 'blowfish-cbc', 'cast128-cbc', 'aes192-cbc', 'aes256-cbc', 'arcfour', 'rijndael-cbc@lysator.liu.se'] client mac:['hmac-md5-etm@openssh.com', 'hmac-sha1-etm@openssh.com', 'umac-64-etm@openssh.com', 'umac-128-etm@openssh.com', 'hmac-sha2-256-etm@openssh.com', 'hmac-sha2-512-etm@openssh.com', 'hmac-ripemd160-etm@openssh.com', 'hmac-sha1-96-etm@openssh.com', 'hmac-md5-96-etm@openssh.com', 'hmac-md5', 'hmac-sha1', 'umac-64@openssh.com', 'umac-128@openssh.com', 'hmac-sha2-256', 'hmac-sha2-512', 'hmac-ripemd160', 'hmac-ripemd160@openssh.com', 'hmac-sha1-96', 'hmac-md5-96'] server mac:['hmac-md5-etm@openssh.com', 'hmac-sha1-etm@openssh.com', 'umac-64-etm@openssh.com', 'umac-128-etm@openssh.com', 'hmac-sha2-256-etm@openssh.com', 'hmac-sha2-512-etm@openssh.com', 'hmac-ripemd160-etm@openssh.com', 'hmac-sha1-96-etm@openssh.com', 'hmac-md5-96-etm@openssh.com', 'hmac-md5', 'hmac-sha1', 'umac-64@openssh.com', 'umac-128@openssh.com', 'hmac-sha2-256', 'hmac-sha2-512', 'hmac-ripemd160', 'hmac-ripemd160@openssh.com', 'hmac-sha1-96', 'hmac-md5-96'] client compress:['none', 'zlib@openssh.com'] server compress:['none', 'zlib@openssh.com'] client lang:[''] server lang:[''] kex follows?False
DEB [20170728-17:12:01.554] thr=1   paramiko.transport: Kex agreed: ecdh-sha2-nistp256
DEB [20170728-17:12:01.554] thr=1   paramiko.transport: HostKey agreed: ssh-ed25519
DEB [20170728-17:12:01.554] thr=1   paramiko.transport: Cipher agreed: aes128-ctr
DEB [20170728-17:12:01.554] thr=1   paramiko.transport: MAC agreed: hmac-sha2-256
DEB [20170728-17:12:01.554] thr=1   paramiko.transport: Compression agreed: none
DEB [20170728-17:12:01.736] thr=1   paramiko.transport: kex engine KexNistp256 specified hash_algo <built-in function openssl_sha256>
DEB [20170728-17:12:01.740] thr=1   paramiko.transport: Switch to new keys ...
DEB [20170728-17:12:01.740] thr=2   paramiko.transport: Attempting password auth...
DEB [20170728-17:12:01.780] thr=1   paramiko.transport: userauth is OK
INF [20170728-17:12:01.795] thr=1   paramiko.transport: Authentication (password) successful!
DEB [20170728-17:12:01.799] thr=2   paramiko.transport: [chan 0] Max packet in: 32768 bytes
DEB [20170728-17:12:02.014] thr=1   paramiko.transport: [chan 0] Max packet out: 32768 bytes
DEB [20170728-17:12:02.014] thr=1   paramiko.transport: Secsh channel 0 opened.
DEB [20170728-17:12:02.030] thr=1   paramiko.transport: [chan 0] Sesch channel 0 request ok
INF [20170728-17:12:02.053] thr=2   paramiko.transport.sftp: [chan 0] Opened sftp connection (server version 3)
DEB [20170728-17:12:02.057] thr=2   paramiko.transport.sftp: [chan 0] open(b'/soft/ELK/dir/1/OMS\xe6\x95\xb0\xe6\x8d\xae\xe5\xba\x93sql.txt', 'wb')
DEB [20170728-17:12:02.061] thr=2   paramiko.transport.sftp: [chan 0] open(b'/soft/ELK/dir/1/OMS\xe6\x95\xb0\xe6\x8d\xae\xe5\xba\x93sql.txt', 'wb') -> b'00000000'
DEB [20170728-17:12:02.061] thr=2   paramiko.transport.sftp: [chan 0] close(b'00000000')
DEB [20170728-17:12:02.065] thr=2   paramiko.transport.sftp: [chan 0] stat(b'/soft/ELK/dir/1/OMS\xe6\x95\xb0\xe6\x8d\xae\xe5\xba\x93sql.txt')
DEB [20170728-17:12:02.069] thr=1   paramiko.transport: EOF in transport thread
DEB [20170728-17:12:26.314] thr=1   paramiko.transport: starting thread (client mode): 0x3595240
DEB [20170728-17:12:26.314] thr=1   paramiko.transport: Local version/idstring: SSH-2.0-paramiko_2.2.1
DEB [20170728-17:12:26.314] thr=1   paramiko.transport: Remote version/idstring: SSH-2.0-OpenSSH_6.6.1
INF [20170728-17:12:26.314] thr=1   paramiko.transport: Connected (version 2.0, client OpenSSH_6.6.1)
DEB [20170728-17:12:26.314] thr=1   paramiko.transport: kex algos:['curve25519-sha256@libssh.org', 'ecdh-sha2-nistp256', 'ecdh-sha2-nistp384', 'ecdh-sha2-nistp521', 'diffie-hellman-group-exchange-sha256', 'diffie-hellman-group-exchange-sha1', 'diffie-hellman-group14-sha1', 'diffie-hellman-group1-sha1'] server key:['ssh-rsa', 'ecdsa-sha2-nistp256', 'ssh-ed25519'] client encrypt:['aes128-ctr', 'aes192-ctr', 'aes256-ctr', 'arcfour256', 'arcfour128', 'aes128-gcm@openssh.com', 'aes256-gcm@openssh.com', 'chacha20-poly1305@openssh.com', 'aes128-cbc', '3des-cbc', 'blowfish-cbc', 'cast128-cbc', 'aes192-cbc', 'aes256-cbc', 'arcfour', 'rijndael-cbc@lysator.liu.se'] server encrypt:['aes128-ctr', 'aes192-ctr', 'aes256-ctr', 'arcfour256', 'arcfour128', 'aes128-gcm@openssh.com', 'aes256-gcm@openssh.com', 'chacha20-poly1305@openssh.com', 'aes128-cbc', '3des-cbc', 'blowfish-cbc', 'cast128-cbc', 'aes192-cbc', 'aes256-cbc', 'arcfour', 'rijndael-cbc@lysator.liu.se'] client mac:['hmac-md5-etm@openssh.com', 'hmac-sha1-etm@openssh.com', 'umac-64-etm@openssh.com', 'umac-128-etm@openssh.com', 'hmac-sha2-256-etm@openssh.com', 'hmac-sha2-512-etm@openssh.com', 'hmac-ripemd160-etm@openssh.com', 'hmac-sha1-96-etm@openssh.com', 'hmac-md5-96-etm@openssh.com', 'hmac-md5', 'hmac-sha1', 'umac-64@openssh.com', 'umac-128@openssh.com', 'hmac-sha2-256', 'hmac-sha2-512', 'hmac-ripemd160', 'hmac-ripemd160@openssh.com', 'hmac-sha1-96', 'hmac-md5-96'] server mac:['hmac-md5-etm@openssh.com', 'hmac-sha1-etm@openssh.com', 'umac-64-etm@openssh.com', 'umac-128-etm@openssh.com', 'hmac-sha2-256-etm@openssh.com', 'hmac-sha2-512-etm@openssh.com', 'hmac-ripemd160-etm@openssh.com', 'hmac-sha1-96-etm@openssh.com', 'hmac-md5-96-etm@openssh.com', 'hmac-md5', 'hmac-sha1', 'umac-64@openssh.com', 'umac-128@openssh.com', 'hmac-sha2-256', 'hmac-sha2-512', 'hmac-ripemd160', 'hmac-ripemd160@openssh.com', 'hmac-sha1-96', 'hmac-md5-96'] client compress:['none', 'zlib@openssh.com'] server compress:['none', 'zlib@openssh.com'] client lang:[''] server lang:[''] kex follows?False
DEB [20170728-17:12:26.314] thr=1   paramiko.transport: Kex agreed: ecdh-sha2-nistp256
DEB [20170728-17:12:26.330] thr=1   paramiko.transport: HostKey agreed: ssh-ed25519
DEB [20170728-17:12:26.330] thr=1   paramiko.transport: Cipher agreed: aes128-ctr
DEB [20170728-17:12:26.330] thr=1   paramiko.transport: MAC agreed: hmac-sha2-256
DEB [20170728-17:12:26.330] thr=1   paramiko.transport: Compression agreed: none
DEB [20170728-17:12:26.505] thr=1   paramiko.transport: kex engine KexNistp256 specified hash_algo <built-in function openssl_sha256>
DEB [20170728-17:12:26.505] thr=1   paramiko.transport: Switch to new keys ...
DEB [20170728-17:12:26.505] thr=2   paramiko.transport: Attempting password auth...
DEB [20170728-17:12:26.552] thr=1   paramiko.transport: userauth is OK
INF [20170728-17:12:26.567] thr=1   paramiko.transport: Authentication (password) successful!
DEB [20170728-17:12:26.567] thr=2   paramiko.transport: [chan 0] Max packet in: 32768 bytes
DEB [20170728-17:12:26.791] thr=1   paramiko.transport: [chan 0] Max packet out: 32768 bytes
DEB [20170728-17:12:26.791] thr=1   paramiko.transport: Secsh channel 0 opened.
DEB [20170728-17:12:26.807] thr=1   paramiko.transport: [chan 0] Sesch channel 0 request ok
INF [20170728-17:12:26.854] thr=2   paramiko.transport.sftp: [chan 0] Opened sftp connection (server version 3)
DEB [20170728-17:12:26.854] thr=2   paramiko.transport.sftp: [chan 0] open(b'/soft/ELK/dir/1/OMS\xe6\x95\xb0\xe6\x8d\xae\xe5\xba\x93sql.txt', 'wb')
DEB [20170728-17:12:26.854] thr=2   paramiko.transport.sftp: [chan 0] open(b'/soft/ELK/dir/1/OMS\xe6\x95\xb0\xe6\x8d\xae\xe5\xba\x93sql.txt', 'wb') -> b'00000000'
DEB [20170728-17:12:26.854] thr=2   paramiko.transport.sftp: [chan 0] close(b'00000000')
DEB [20170728-17:12:26.870] thr=2   paramiko.transport.sftp: [chan 0] stat(b'/soft/ELK/dir/1/OMS\xe6\x95\xb0\xe6\x8d\xae\xe5\xba\x93sql.txt')
DEB [20170728-17:12:26.870] thr=1   paramiko.transport: EOF in transport thread
