2017-07-28 14:35:45,574 paramiko.transport INFO     Connected (version 2.0, client OpenSSH_6.6.1) transport.py     _log     1636
2017-07-28 14:35:45,817 paramiko.transport INFO     Authentication (publickey) failed. transport.py     _log     1636
2017-07-28 14:35:45,833 paramiko.transport INFO     Authentication (password) successful! transport.py     _log     1636
2017-07-28 14:35:45,841 root         ERROR    'RootLogger' object is not callable ssh_login.py ssh_connect       70
2017-07-28 14:35:46,846 root         ERROR    timed out ssh_login.py ssh_connect       70
2017-07-28 14:35:46,859 paramiko.transport INFO     Connected (version 2.0, client OpenSSH_6.6.1) transport.py     _log     1636
2017-07-28 14:35:46,957 paramiko.transport INFO     Authentication (publickey) failed. transport.py     _log     1636
2017-07-28 14:35:46,981 paramiko.transport INFO     Authentication (password) successful! transport.py     _log     1636
2017-07-28 14:35:46,996 root         ERROR    'RootLogger' object is not callable ssh_login.py ssh_connect       70
2017-07-28 14:35:48,000 root         ERROR    timed out ssh_login.py ssh_connect       70
2017-07-28 14:48:21,042 paramiko.transport INFO     Connected (version 2.0, client OpenSSH_6.6.1) transport.py     _log     1636
2017-07-28 14:48:21,268 paramiko.transport INFO     Authentication (publickey) failed. transport.py     _log     1636
2017-07-28 14:48:21,299 paramiko.transport INFO     Authentication (password) successful! transport.py     _log     1636
2017-07-28 14:48:21,299 root         ERROR    'RootLogger' object is not callable ssh_login.py ssh_connect       70
2017-07-28 14:48:21,315 paramiko.transport INFO     Connected (version 2.0, client OpenSSH_6.6.1) transport.py     _log     1636
2017-07-28 14:48:21,386 paramiko.transport INFO     Authentication (publickey) failed. transport.py     _log     1636
2017-07-28 14:48:21,404 paramiko.transport INFO     Authentication (password) successful! transport.py     _log     1636
2017-07-28 14:48:21,414 root         ERROR    'RootLogger' object is not callable ssh_login.py ssh_connect       70
2017-07-28 14:48:21,427 paramiko.transport INFO     Connected (version 2.0, client OpenSSH_6.6.1) transport.py     _log     1636
2017-07-28 14:48:21,476 paramiko.transport INFO     Authentication (publickey) failed. transport.py     _log     1636
2017-07-28 14:48:21,492 paramiko.transport INFO     Authentication (password) successful! transport.py     _log     1636
2017-07-28 14:48:21,507 root         ERROR    'RootLogger' object is not callable ssh_login.py ssh_connect       70
2017-07-28 14:48:21,523 paramiko.transport INFO     Connected (version 2.0, client OpenSSH_6.6.1) transport.py     _log     1636
2017-07-28 14:48:21,601 paramiko.transport INFO     Authentication (password) successful! transport.py     _log     1636
2017-07-28 14:48:22,148 root         ERROR    'RootLogger' object is not callable ssh_login.py ssh_connect       70
2017-07-28 14:49:10,946 paramiko.transport INFO     Connected (version 2.0, client OpenSSH_6.6.1) transport.py     _log     1636
2017-07-28 14:49:11,200 paramiko.transport INFO     Authentication (password) successful! transport.py     _log     1636
2017-07-28 14:49:11,529 root         ERROR    'RootLogger' object is not callable ssh_login.py ssh_connect       70
2017-07-28 14:49:11,546 paramiko.transport INFO     Connected (version 2.0, client OpenSSH_6.6.1) transport.py     _log     1636
2017-07-28 14:49:11,640 paramiko.transport INFO     Authentication (publickey) failed. transport.py     _log     1636
2017-07-28 14:49:11,671 paramiko.transport INFO     Authentication (password) successful! transport.py     _log     1636
2017-07-28 14:49:11,686 root         ERROR    'RootLogger' object is not callable ssh_login.py ssh_connect       70
2017-07-28 14:49:11,698 paramiko.transport INFO     Connected (version 2.0, client OpenSSH_6.6.1) transport.py     _log     1636
2017-07-28 14:49:11,757 paramiko.transport INFO     Authentication (publickey) failed. transport.py     _log     1636
2017-07-28 14:49:11,772 paramiko.transport INFO     Authentication (password) successful! transport.py     _log     1636
2017-07-28 14:49:11,780 root         ERROR    'RootLogger' object is not callable ssh_login.py ssh_connect       70
2017-07-28 14:49:11,792 paramiko.transport INFO     Connected (version 2.0, client OpenSSH_6.6.1) transport.py     _log     1636
2017-07-28 14:49:11,851 paramiko.transport INFO     Authentication (publickey) failed. transport.py     _log     1636
2017-07-28 14:49:11,866 paramiko.transport INFO     Authentication (password) successful! transport.py     _log     1636
2017-07-28 14:49:11,878 root         ERROR    'RootLogger' object is not callable ssh_login.py ssh_connect       70
2017-07-28 14:49:54,642 paramiko.transport INFO     Connected (version 2.0, client OpenSSH_6.6.1) transport.py     _log     1636
2017-07-28 14:49:54,880 paramiko.transport INFO     Authentication (publickey) failed. transport.py     _log     1636
2017-07-28 14:49:54,896 paramiko.transport INFO     Authentication (password) successful! transport.py     _log     1636
2017-07-28 14:49:54,915 paramiko.transport INFO     Connected (version 2.0, client OpenSSH_6.6.1) transport.py     _log     1636
2017-07-28 14:49:54,985 paramiko.transport INFO     Authentication (publickey) failed. transport.py     _log     1636
2017-07-28 14:49:54,993 paramiko.transport INFO     Authentication (password) successful! transport.py     _log     1636
2017-07-28 14:49:55,025 paramiko.transport INFO     Connected (version 2.0, client OpenSSH_6.6.1) transport.py     _log     1636
2017-07-28 14:49:55,139 paramiko.transport INFO     Authentication (password) successful! transport.py     _log     1636
2017-07-28 14:49:55,510 paramiko.transport INFO     Connected (version 2.0, client OpenSSH_6.6.1) transport.py     _log     1636
2017-07-28 14:49:55,588 paramiko.transport INFO     Authentication (publickey) failed. transport.py     _log     1636
2017-07-28 14:49:55,620 paramiko.transport INFO     Authentication (password) successful! transport.py     _log     1636
2017-07-28 14:50:19,211 paramiko.transport INFO     Connected (version 2.0, client OpenSSH_6.6.1) transport.py     _log     1636
2017-07-28 14:50:19,473 paramiko.transport INFO     Authentication (password) successful! transport.py     _log     1636
2017-07-28 14:50:19,743 root         ERROR    'RootLogger' object is not callable ssh_login.py ssh_connect       70
2017-07-28 14:50:19,758 paramiko.transport INFO     Connected (version 2.0, client OpenSSH_6.6.1) transport.py     _log     1636
2017-07-28 14:50:19,844 paramiko.transport INFO     Authentication (publickey) failed. transport.py     _log     1636
2017-07-28 14:50:19,872 paramiko.transport INFO     Authentication (password) successful! transport.py     _log     1636
2017-07-28 14:50:19,899 root         ERROR    'RootLogger' object is not callable ssh_login.py ssh_connect       70
2017-07-28 14:50:19,914 paramiko.transport INFO     Connected (version 2.0, client OpenSSH_6.6.1) transport.py     _log     1636
2017-07-28 14:50:19,981 paramiko.transport INFO     Authentication (publickey) failed. transport.py     _log     1636
2017-07-28 14:50:19,996 paramiko.transport INFO     Authentication (password) successful! transport.py     _log     1636
2017-07-28 14:50:20,007 root         ERROR    'RootLogger' object is not callable ssh_login.py ssh_connect       70
2017-07-28 14:50:20,020 paramiko.transport INFO     Connected (version 2.0, client OpenSSH_6.6.1) transport.py     _log     1636
2017-07-28 14:50:20,206 paramiko.transport INFO     Authentication (publickey) failed. transport.py     _log     1636
2017-07-28 14:50:20,222 paramiko.transport INFO     Authentication (password) successful! transport.py     _log     1636
2017-07-28 14:50:20,230 root         ERROR    'RootLogger' object is not callable ssh_login.py ssh_connect       70
2017-07-28 14:51:23,737 paramiko.transport INFO     Connected (version 2.0, client OpenSSH_6.6.1) transport.py     _log     1636
2017-07-28 14:51:23,979 paramiko.transport INFO     Authentication (publickey) failed. transport.py     _log     1636
2017-07-28 14:51:23,995 paramiko.transport INFO     Authentication (password) successful! transport.py     _log     1636
2017-07-28 14:51:24,003 root         ERROR    'RootLogger' object is not callable ssh_login.py ssh_connect       70
2017-07-28 14:52:15,898 paramiko.transport INFO     Connected (version 2.0, client OpenSSH_6.6.1) transport.py     _log     1636
2017-07-28 14:52:16,122 paramiko.transport INFO     Authentication (publickey) failed. transport.py     _log     1636
2017-07-28 14:52:16,138 paramiko.transport INFO     Authentication (password) successful! transport.py     _log     1636
2017-07-28 14:52:16,156 root         ERROR    'RootLogger' object is not callable ssh_login.py ssh_connect       70
2017-07-28 14:53:10,259 paramiko.transport INFO     Connected (version 2.0, client OpenSSH_6.6.1) transport.py     _log     1636
2017-07-28 14:53:10,496 paramiko.transport INFO     Authentication (publickey) failed. transport.py     _log     1636
2017-07-28 14:53:10,516 paramiko.transport INFO     Authentication (password) successful! transport.py     _log     1636
2017-07-28 14:53:27,989 paramiko.transport INFO     Connected (version 2.0, client OpenSSH_6.6.1) transport.py     _log     1636
2017-07-28 14:53:28,226 paramiko.transport INFO     Authentication (publickey) failed. transport.py     _log     1636
2017-07-28 14:53:28,242 paramiko.transport INFO     Authentication (password) successful! transport.py     _log     1636
2017-07-28 15:05:56,545 paramiko.transport INFO     Connected (version 2.0, client OpenSSH_6.6.1) transport.py     _log     1636
2017-07-28 15:05:56,782 paramiko.transport INFO     Authentication (publickey) failed. transport.py     _log     1636
2017-07-28 15:05:56,798 paramiko.transport INFO     Authentication (password) successful! transport.py     _log     1636
2017-07-28 15:05:56,813 root         ERROR    'RootLogger' object is not callable ssh_login.py ssh_connect       70
2017-07-28 15:05:56,829 paramiko.transport INFO     Connected (version 2.0, client OpenSSH_6.6.1) transport.py     _log     1636
2017-07-28 15:05:56,886 paramiko.transport INFO     Authentication (publickey) failed. transport.py     _log     1636
2017-07-28 15:05:56,902 paramiko.transport INFO     Authentication (password) successful! transport.py     _log     1636
2017-07-28 15:05:56,914 root         ERROR    'RootLogger' object is not callable ssh_login.py ssh_connect       70
2017-07-28 15:05:56,933 paramiko.transport INFO     Connected (version 2.0, client OpenSSH_6.6.1) transport.py     _log     1636
2017-07-28 15:05:57,010 paramiko.transport INFO     Authentication (password) successful! transport.py     _log     1636
2017-07-28 15:05:57,308 root         ERROR    'RootLogger' object is not callable ssh_login.py ssh_connect       70
2017-07-28 15:05:58,309 root         ERROR    timed out ssh_login.py ssh_connect       70
2017-07-28 15:05:58,344 paramiko.transport INFO     Connected (version 2.0, client OpenSSH_6.6.1) transport.py     _log     1636
2017-07-28 15:05:58,403 paramiko.transport INFO     Authentication (publickey) failed. transport.py     _log     1636
2017-07-28 15:05:58,419 paramiko.transport INFO     Authentication (password) successful! transport.py     _log     1636
2017-07-28 15:05:58,429 root         ERROR    'RootLogger' object is not callable ssh_login.py ssh_connect       70
2017-07-28 15:05:59,432 root         ERROR    timed out ssh_login.py ssh_connect       70
2017-07-28 15:10:47,915 paramiko.transport INFO     Connected (version 2.0, client OpenSSH_6.6.1) transport.py     _log     1636
2017-07-28 15:10:48,151 paramiko.transport INFO     Authentication (publickey) failed. transport.py     _log     1636
2017-07-28 15:10:48,178 paramiko.transport INFO     Authentication (password) successful! transport.py     _log     1636
2017-07-28 15:10:48,191 root         ERROR    'RootLogger' object is not callable ssh_login.py ssh_connect       71
2017-07-28 15:10:48,192 paramiko.transport INFO     Connected (version 2.0, client OpenSSH_6.6.1) transport.py     _log     1636
2017-07-28 15:10:48,270 paramiko.transport INFO     Authentication (publickey) failed. transport.py     _log     1636
2017-07-28 15:10:48,286 paramiko.transport INFO     Authentication (password) successful! transport.py     _log     1636
2017-07-28 15:10:48,301 root         ERROR    'RootLogger' object is not callable ssh_login.py ssh_connect       71
2017-07-28 15:10:48,317 paramiko.transport INFO     Connected (version 2.0, client OpenSSH_6.6.1) transport.py     _log     1636
2017-07-28 15:10:48,407 paramiko.transport INFO     Authentication (password) successful! transport.py     _log     1636
2017-07-28 15:10:48,776 root         ERROR    'RootLogger' object is not callable ssh_login.py ssh_connect       71
2017-07-28 15:10:48,807 paramiko.transport INFO     Connected (version 2.0, client OpenSSH_6.6.1) transport.py     _log     1636
2017-07-28 15:10:48,889 paramiko.transport INFO     Authentication (publickey) failed. transport.py     _log     1636
2017-07-28 15:10:48,922 paramiko.transport INFO     Authentication (password) successful! transport.py     _log     1636
2017-07-28 15:10:48,935 root         ERROR    'RootLogger' object is not callable ssh_login.py ssh_connect       71
2017-07-28 15:11:09,053 paramiko.transport INFO     Connected (version 2.0, client OpenSSH_6.6.1) transport.py     _log     1636
2017-07-28 15:11:09,280 paramiko.transport INFO     Authentication (publickey) failed. transport.py     _log     1636
2017-07-28 15:11:09,296 paramiko.transport INFO     Authentication (password) successful! transport.py     _log     1636
2017-07-28 15:11:09,307 root         ERROR    'RootLogger' object is not callable ssh_login.py ssh_connect       71
2017-07-28 15:11:09,323 paramiko.transport INFO     Connected (version 2.0, client OpenSSH_6.6.1) transport.py     _log     1636
2017-07-28 15:11:09,406 paramiko.transport INFO     Authentication (password) successful! transport.py     _log     1636
2017-07-28 15:11:09,680 root         ERROR    'RootLogger' object is not callable ssh_login.py ssh_connect       71
2017-07-28 15:11:10,686 root         ERROR    timed out ssh_login.py ssh_connect       71
2017-07-28 15:11:11,688 root         ERROR    timed out ssh_login.py ssh_connect       71
2017-07-28 15:11:11,704 paramiko.transport INFO     Connected (version 2.0, client OpenSSH_6.6.1) transport.py     _log     1636
2017-07-28 15:11:11,763 paramiko.transport INFO     Authentication (publickey) failed. transport.py     _log     1636
2017-07-28 15:11:11,782 paramiko.transport INFO     Authentication (password) successful! transport.py     _log     1636
2017-07-28 15:11:11,792 root         ERROR    'RootLogger' object is not callable ssh_login.py ssh_connect       71
2017-07-28 15:11:11,808 paramiko.transport INFO     Connected (version 2.0, client OpenSSH_6.6.1) transport.py     _log     1636
2017-07-28 15:11:11,868 paramiko.transport INFO     Authentication (publickey) failed. transport.py     _log     1636
2017-07-28 15:11:11,888 paramiko.transport INFO     Authentication (password) successful! transport.py     _log     1636
2017-07-28 15:11:11,898 root         ERROR    'RootLogger' object is not callable ssh_login.py ssh_connect       71
2017-07-28 15:14:48,923 paramiko.transport INFO     Connected (version 2.0, client OpenSSH_6.6.1) transport.py     _log     1636
2017-07-28 15:14:49,170 paramiko.transport INFO     Authentication (password) successful! transport.py     _log     1636
2017-07-28 15:14:49,447 root         ERROR    'RootLogger' object is not callable ssh_login.py ssh_connect       71
2017-07-28 15:14:49,463 paramiko.transport INFO     Connected (version 2.0, client OpenSSH_6.6.1) transport.py     _log     1636
2017-07-28 15:14:49,557 paramiko.transport INFO     Authentication (publickey) failed. transport.py     _log     1636
2017-07-28 15:14:49,588 paramiko.transport INFO     Authentication (password) successful! transport.py     _log     1636
2017-07-28 15:14:49,604 root         ERROR    'RootLogger' object is not callable ssh_login.py ssh_connect       71
2017-07-28 15:14:49,635 paramiko.transport INFO     Connected (version 2.0, client OpenSSH_6.6.1) transport.py     _log     1636
2017-07-28 15:14:49,697 paramiko.transport INFO     Authentication (publickey) failed. transport.py     _log     1636
2017-07-28 15:14:49,713 paramiko.transport INFO     Authentication (password) successful! transport.py     _log     1636
2017-07-28 15:14:49,729 root         ERROR    'RootLogger' object is not callable ssh_login.py ssh_connect       71
2017-07-28 15:14:49,729 paramiko.transport INFO     Connected (version 2.0, client OpenSSH_6.6.1) transport.py     _log     1636
2017-07-28 15:14:49,792 paramiko.transport INFO     Authentication (publickey) failed. transport.py     _log     1636
2017-07-28 15:14:49,807 paramiko.transport INFO     Authentication (password) successful! transport.py     _log     1636
2017-07-28 15:14:49,822 root         ERROR    'RootLogger' object is not callable ssh_login.py ssh_connect       71
2017-07-28 15:15:41,852 paramiko.transport INFO     Connected (version 2.0, client OpenSSH_6.6.1) transport.py     _log     1636
2017-07-28 15:15:42,088 paramiko.transport INFO     Authentication (publickey) failed. transport.py     _log     1636
2017-07-28 15:15:42,104 paramiko.transport INFO     Authentication (password) successful! transport.py     _log     1636
2017-07-28 15:15:42,147 paramiko.transport INFO     Connected (version 2.0, client OpenSSH_6.6.1) transport.py     _log     1636
2017-07-28 15:15:42,221 paramiko.transport INFO     Authentication (password) successful! transport.py     _log     1636
2017-07-28 15:15:42,537 paramiko.transport INFO     Connected (version 2.0, client OpenSSH_6.6.1) transport.py     _log     1636
2017-07-28 15:15:42,621 paramiko.transport INFO     Authentication (publickey) failed. transport.py     _log     1636
2017-07-28 15:15:42,645 paramiko.transport INFO     Authentication (password) successful! transport.py     _log     1636
2017-07-28 15:15:42,700 paramiko.transport INFO     Connected (version 2.0, client OpenSSH_6.6.1) transport.py     _log     1636
2017-07-28 15:15:42,754 paramiko.transport INFO     Authentication (publickey) failed. transport.py     _log     1636
2017-07-28 15:15:42,770 paramiko.transport INFO     Authentication (password) successful! transport.py     _log     1636
2017-07-28 15:20:32,494 paramiko.transport INFO     Connected (version 2.0, client OpenSSH_6.6.1) transport.py     _log     1636
2017-07-28 15:20:32,721 paramiko.transport INFO     Authentication (publickey) failed. transport.py     _log     1636
2017-07-28 15:20:32,736 paramiko.transport INFO     Authentication (password) successful! transport.py     _log     1636
2017-07-28 15:20:33,757 root         ERROR    timed out ssh_login.py ssh_connect       71
2017-07-28 15:20:34,761 root         ERROR    timed out ssh_login.py ssh_connect       71
2017-07-28 15:20:34,771 paramiko.transport INFO     Connected (version 2.0, client OpenSSH_6.6.1) transport.py     _log     1636
2017-07-28 15:20:34,829 paramiko.transport INFO     Authentication (publickey) failed. transport.py     _log     1636
2017-07-28 15:20:34,849 paramiko.transport INFO     Authentication (password) successful! transport.py     _log     1636
2017-07-28 15:26:39,724 root         ERROR    timed out ssh_login.py ssh_connect       72
2017-07-28 15:26:40,738 root         ERROR    timed out ssh_login.py ssh_connect       72
2017-07-28 15:26:40,753 paramiko.transport INFO     Connected (version 2.0, client OpenSSH_6.6.1) transport.py     _log     1636
2017-07-28 15:26:40,985 paramiko.transport INFO     Authentication (publickey) failed. transport.py     _log     1636
2017-07-28 15:26:40,998 paramiko.transport INFO     Authentication (password) successful! transport.py     _log     1636
2017-07-28 15:26:41,029 paramiko.transport INFO     Connected (version 2.0, client OpenSSH_6.6.1) transport.py     _log     1636
2017-07-28 15:26:41,092 paramiko.transport INFO     Authentication (publickey) failed. transport.py     _log     1636
2017-07-28 15:26:41,108 paramiko.transport INFO     Authentication (password) successful! transport.py     _log     1636
2017-07-28 16:02:56,011 paramiko.transport INFO     Connected (version 2.0, client OpenSSH_6.6.1) transport.py     _log     1636
2017-07-28 16:02:56,224 paramiko.transport INFO     Authentication (publickey) failed. transport.py     _log     1636
2017-07-28 16:02:56,255 paramiko.transport INFO     Authentication (password) successful! transport.py     _log     1636
2017-07-28 16:02:57,274 root         ERROR    timed out ssh_login.py ssh_connect       72
2017-07-28 16:02:57,314 paramiko.transport INFO     Connected (version 2.0, client OpenSSH_6.6.1) transport.py     _log     1636
2017-07-28 16:02:57,372 paramiko.transport INFO     Authentication (publickey) failed. transport.py     _log     1636
2017-07-28 16:02:57,387 paramiko.transport INFO     Authentication (password) successful! transport.py     _log     1636
2017-07-28 16:02:58,412 root         ERROR    timed out ssh_login.py ssh_connect       72
