DEB [20170731-17:04:19.336] thr=1   paramiko.transport: starting thread (client mode): 0x3da2cf8
DEB [20170731-17:04:19.336] thr=1   paramiko.transport: Local version/idstring: SSH-2.0-paramiko_2.2.1
DEB [20170731-17:04:19.352] thr=1   paramiko.transport: Remote version/idstring: SSH-2.0-OpenSSH_6.6.1
INF [20170731-17:04:19.352] thr=1   paramiko.transport: Connected (version 2.0, client OpenSSH_6.6.1)
DEB [20170731-17:04:19.358] thr=1   paramiko.transport: kex algos:['curve25519-sha256@libssh.org', 'ecdh-sha2-nistp256', 'ecdh-sha2-nistp384', 'ecdh-sha2-nistp521', 'diffie-hellman-group-exchange-sha256', 'diffie-hellman-group-exchange-sha1', 'diffie-hellman-group14-sha1', 'diffie-hellman-group1-sha1'] server key:['ssh-rsa', 'ecdsa-sha2-nistp256', 'ssh-ed25519'] client encrypt:['aes128-ctr', 'aes192-ctr', 'aes256-ctr', 'arcfour256', 'arcfour128', 'aes128-gcm@openssh.com', 'aes256-gcm@openssh.com', 'chacha20-poly1305@openssh.com', 'aes128-cbc', '3des-cbc', 'blowfish-cbc', 'cast128-cbc', 'aes192-cbc', 'aes256-cbc', 'arcfour', 'rijndael-cbc@lysator.liu.se'] server encrypt:['aes128-ctr', 'aes192-ctr', 'aes256-ctr', 'arcfour256', 'arcfour128', 'aes128-gcm@openssh.com', 'aes256-gcm@openssh.com', 'chacha20-poly1305@openssh.com', 'aes128-cbc', '3des-cbc', 'blowfish-cbc', 'cast128-cbc', 'aes192-cbc', 'aes256-cbc', 'arcfour', 'rijndael-cbc@lysator.liu.se'] client mac:['hmac-md5-etm@openssh.com', 'hmac-sha1-etm@openssh.com', 'umac-64-etm@openssh.com', 'umac-128-etm@openssh.com', 'hmac-sha2-256-etm@openssh.com', 'hmac-sha2-512-etm@openssh.com', 'hmac-ripemd160-etm@openssh.com', 'hmac-sha1-96-etm@openssh.com', 'hmac-md5-96-etm@openssh.com', 'hmac-md5', 'hmac-sha1', 'umac-64@openssh.com', 'umac-128@openssh.com', 'hmac-sha2-256', 'hmac-sha2-512', 'hmac-ripemd160', 'hmac-ripemd160@openssh.com', 'hmac-sha1-96', 'hmac-md5-96'] server mac:['hmac-md5-etm@openssh.com', 'hmac-sha1-etm@openssh.com', 'umac-64-etm@openssh.com', 'umac-128-etm@openssh.com', 'hmac-sha2-256-etm@openssh.com', 'hmac-sha2-512-etm@openssh.com', 'hmac-ripemd160-etm@openssh.com', 'hmac-sha1-96-etm@openssh.com', 'hmac-md5-96-etm@openssh.com', 'hmac-md5', 'hmac-sha1', 'umac-64@openssh.com', 'umac-128@openssh.com', 'hmac-sha2-256', 'hmac-sha2-512', 'hmac-ripemd160', 'hmac-ripemd160@openssh.com', 'hmac-sha1-96', 'hmac-md5-96'] client compress:['none', 'zlib@openssh.com'] server compress:['none', 'zlib@openssh.com'] client lang:[''] server lang:[''] kex follows?False
DEB [20170731-17:04:19.358] thr=1   paramiko.transport: Kex agreed: ecdh-sha2-nistp256
DEB [20170731-17:04:19.358] thr=1   paramiko.transport: HostKey agreed: ssh-ed25519
DEB [20170731-17:04:19.358] thr=1   paramiko.transport: Cipher agreed: aes128-ctr
DEB [20170731-17:04:19.358] thr=1   paramiko.transport: MAC agreed: hmac-sha2-256
DEB [20170731-17:04:19.358] thr=1   paramiko.transport: Compression agreed: none
DEB [20170731-17:04:19.546] thr=1   paramiko.transport: kex engine KexNistp256 specified hash_algo <built-in function openssl_sha256>
DEB [20170731-17:04:19.546] thr=1   paramiko.transport: Switch to new keys ...
DEB [20170731-17:04:19.546] thr=2   paramiko.transport: Adding ssh-ed25519 host key for [192.168.153.135]:9201: b'607c677fd17810944905b079f1e848ef'
DEB [20170731-17:04:19.546] thr=2   paramiko.transport: Trying discovered key b'd32c3db4088a3f0814f1b9f8778ab07b' in C:\Users\ning.lin/.ssh/id_rsa
DEB [20170731-17:04:19.593] thr=1   paramiko.transport: userauth is OK
INF [20170731-17:04:19.593] thr=1   paramiko.transport: Authentication (publickey) failed.
DEB [20170731-17:04:19.593] thr=1   paramiko.transport: userauth is OK
INF [20170731-17:04:19.608] thr=1   paramiko.transport: Authentication (password) successful!
DEB [20170731-17:04:19.608] thr=2   paramiko.transport: [chan 0] Max packet in: 32768 bytes
DEB [20170731-17:04:19.608] thr=1   paramiko.transport: [chan 0] Max packet out: 32768 bytes
DEB [20170731-17:04:19.608] thr=1   paramiko.transport: Secsh channel 0 opened.
DEB [20170731-17:04:19.608] thr=1   paramiko.transport: [chan 0] Sesch channel 0 request ok
DEB [20170731-17:04:19.640] thr=1   paramiko.transport: [chan 0] EOF received (0)
DEB [20170731-17:04:19.640] thr=1   paramiko.transport: [chan 0] EOF sent (0)
DEB [20170731-17:04:20.646] thr=3   paramiko.transport: starting thread (client mode): 0x457e630
DEB [20170731-17:04:20.646] thr=3   paramiko.transport: Local version/idstring: SSH-2.0-paramiko_2.2.1
DEB [20170731-17:04:20.661] thr=3   paramiko.transport: Remote version/idstring: SSH-2.0-OpenSSH_6.6.1
INF [20170731-17:04:20.661] thr=3   paramiko.transport: Connected (version 2.0, client OpenSSH_6.6.1)
DEB [20170731-17:04:20.661] thr=3   paramiko.transport: kex algos:['curve25519-sha256@libssh.org', 'ecdh-sha2-nistp256', 'ecdh-sha2-nistp384', 'ecdh-sha2-nistp521', 'diffie-hellman-group-exchange-sha256', 'diffie-hellman-group-exchange-sha1', 'diffie-hellman-group14-sha1', 'diffie-hellman-group1-sha1'] server key:['ssh-rsa', 'ecdsa-sha2-nistp256', 'ssh-ed25519'] client encrypt:['aes128-ctr', 'aes192-ctr', 'aes256-ctr', 'arcfour256', 'arcfour128', 'aes128-gcm@openssh.com', 'aes256-gcm@openssh.com', 'chacha20-poly1305@openssh.com', 'aes128-cbc', '3des-cbc', 'blowfish-cbc', 'cast128-cbc', 'aes192-cbc', 'aes256-cbc', 'arcfour', 'rijndael-cbc@lysator.liu.se'] server encrypt:['aes128-ctr', 'aes192-ctr', 'aes256-ctr', 'arcfour256', 'arcfour128', 'aes128-gcm@openssh.com', 'aes256-gcm@openssh.com', 'chacha20-poly1305@openssh.com', 'aes128-cbc', '3des-cbc', 'blowfish-cbc', 'cast128-cbc', 'aes192-cbc', 'aes256-cbc', 'arcfour', 'rijndael-cbc@lysator.liu.se'] client mac:['hmac-md5-etm@openssh.com', 'hmac-sha1-etm@openssh.com', 'umac-64-etm@openssh.com', 'umac-128-etm@openssh.com', 'hmac-sha2-256-etm@openssh.com', 'hmac-sha2-512-etm@openssh.com', 'hmac-ripemd160-etm@openssh.com', 'hmac-sha1-96-etm@openssh.com', 'hmac-md5-96-etm@openssh.com', 'hmac-md5', 'hmac-sha1', 'umac-64@openssh.com', 'umac-128@openssh.com', 'hmac-sha2-256', 'hmac-sha2-512', 'hmac-ripemd160', 'hmac-ripemd160@openssh.com', 'hmac-sha1-96', 'hmac-md5-96'] server mac:['hmac-md5-etm@openssh.com', 'hmac-sha1-etm@openssh.com', 'umac-64-etm@openssh.com', 'umac-128-etm@openssh.com', 'hmac-sha2-256-etm@openssh.com', 'hmac-sha2-512-etm@openssh.com', 'hmac-ripemd160-etm@openssh.com', 'hmac-sha1-96-etm@openssh.com', 'hmac-md5-96-etm@openssh.com', 'hmac-md5', 'hmac-sha1', 'umac-64@openssh.com', 'umac-128@openssh.com', 'hmac-sha2-256', 'hmac-sha2-512', 'hmac-ripemd160', 'hmac-ripemd160@openssh.com', 'hmac-sha1-96', 'hmac-md5-96'] client compress:['none', 'zlib@openssh.com'] server compress:['none', 'zlib@openssh.com'] client lang:[''] server lang:[''] kex follows?False
DEB [20170731-17:04:20.661] thr=3   paramiko.transport: Kex agreed: ecdh-sha2-nistp256
DEB [20170731-17:04:20.661] thr=3   paramiko.transport: HostKey agreed: ssh-ed25519
DEB [20170731-17:04:20.661] thr=3   paramiko.transport: Cipher agreed: aes128-ctr
DEB [20170731-17:04:20.661] thr=3   paramiko.transport: MAC agreed: hmac-sha2-256
DEB [20170731-17:04:20.661] thr=3   paramiko.transport: Compression agreed: none
DEB [20170731-17:04:20.661] thr=3   paramiko.transport: kex engine KexNistp256 specified hash_algo <built-in function openssl_sha256>
DEB [20170731-17:04:20.661] thr=3   paramiko.transport: Switch to new keys ...
DEB [20170731-17:04:20.661] thr=2   paramiko.transport: Adding ssh-ed25519 host key for [192.168.153.135]:9202: b'607c677fd17810944905b079f1e848ef'
DEB [20170731-17:04:20.661] thr=2   paramiko.transport: Trying discovered key b'd32c3db4088a3f0814f1b9f8778ab07b' in C:\Users\ning.lin/.ssh/id_rsa
DEB [20170731-17:04:20.724] thr=3   paramiko.transport: userauth is OK
INF [20170731-17:04:20.724] thr=3   paramiko.transport: Authentication (publickey) failed.
DEB [20170731-17:04:20.724] thr=3   paramiko.transport: userauth is OK
INF [20170731-17:04:20.739] thr=3   paramiko.transport: Authentication (password) successful!
DEB [20170731-17:04:20.739] thr=2   paramiko.transport: [chan 0] Max packet in: 32768 bytes
DEB [20170731-17:04:20.739] thr=3   paramiko.transport: [chan 0] Max packet out: 32768 bytes
DEB [20170731-17:04:20.739] thr=3   paramiko.transport: Secsh channel 0 opened.
DEB [20170731-17:04:20.739] thr=3   paramiko.transport: [chan 0] Sesch channel 0 request ok
DEB [20170731-17:04:20.755] thr=3   paramiko.transport: [chan 0] EOF received (0)
DEB [20170731-17:04:20.755] thr=3   paramiko.transport: [chan 0] EOF sent (0)
DEB [20170731-17:04:21.759] thr=1   paramiko.transport: EOF in transport thread
DEB [20170731-17:04:21.759] thr=3   paramiko.transport: EOF in transport thread
